<?xml version="1.0" encoding="UTF-8" standalone="no"?>
<testsuite errors="0" failures="0" name="io.cucumber.core.plugin.JUnitFormatter" skipped="0" tests="2" time="8.477">
    <testcase classname="feature to test Google search function" name="verify google search is working" time="8.174">
        <system-out><![CDATA[Given browser is opening....................................................passed
And user is on google search page...........................................passed
When user enters a text in search box.......................................passed
And hits enter..............................................................passed
Then user is navigated to search results....................................passed
]]></system-out>
    </testcase>
    <testcase classname="feature to test login" name="to check login with valid cred" time="0.008">
        <system-out><![CDATA[Given is on login page......................................................passed
When user enters username and password......................................passed
And cicks on login button...................................................passed
Then user is navigated to the home page.....................................passed
]]></system-out>
    </testcase>
</testsuite>
